абись conj:subord
альбо conj:coord
антипко /n20.<
атентат /n20
ачень part
банно adv:&predic
баяти /v1.cf :imperf
безлічно adv
бздура /n10
бистрота /n10
бісиця /n10.p1.ko.<
благовіщення /n2n
благоліпний /adj
благоліпність /n30
благоподібний /adj
благоподібність /n30
благущий /adj
болюс /n20.a.p
босячка /n10.p2.ko.<
бублій /n20.a.p.<
бюрко /n2n.piv
ваганки /np2
вазка /n10.p2
варівко adv:&predic
вдвійці adv:v-u
вельон /n20
венгерське /n2adj1
вигибти /v3 :perf
вилочний /adj
виміна /n10.p1
винаймити /v1.it1 :perf
вирощати /v2 :imperf
висказати /v1.isNo :perf
висказатися /vr1 :perf
висмівати /v2.cf.advp :imperf
висміватися /vr2.cf.advp :imperf
вистіг /n20
вистреляти /v2 :perf
виступач /n20.a.p.<
відіткати /v2 :perf
відьмур /n24.a.p.<
вісний /adj
вісьта intj
в'їжно в'їжно adv:&predic
вколо вколо prep|adv        # rv_rod
вконтентований /adj :&adjp:pasv:perf:v-u    # past
вконтентовувати /v1.cf.advp :imperf
вконтентовуватися /vr1.cf.advp :imperf
вконтентувати /v1.is0 :perf
вконтентуватися /vr1 :perf
вліжно adv:&predic
воркотливий /adj
втіки /np2
вхорканий /adj :&adjp:pasv:perf:v-u    # past
гардувати /v1.cf.advp :imperf
гейби conj:subord
глупий /adj :xp1            # xv1
головочка /n10
ґердан /n20.p
ґрунь /n20.a.p
далебіг adv:&insert
дармо adv
дармовіс /n20.a.p
дворець /n22.p.a
дев'ятдесят /numr
дейко noninfl:&predic
декуди adv
дільчий /adj
докіль adv|conj:subord
дрожка /n10.p2
дряглий /adj
дряглість /n30
жалуватися /vr1.cf.advp :imperf
жантильний /adj
завідатель /n20.a.p.<
завідателька /n10.p2.<
загомзатися /vr2 :perf
зазнимкувати /v1.is0 :perf
заки conj:subord
заким conj:subord
замісто prep        # rv_rod
запевне adv:&insert
зарівно adv:&predic
засов /n20
засовець /n22.a
застужати /v2.cf.advp :imperf
засуд /n20
засяг /n20
затанчити /v1 :perf
затахлувати /v1 :perf
затемперувати /v1.is0 :perf
зашанувати /v1 :perf
зверх зверх adv
зверх зверх prep        # rv_rod
звідома adv
згиблий /adj
згрубша adv
зґанджований /adj :&adjp:pasv:perf
здоровля /n2n
здрійко numr:nv
здрінка /n10.p2
здрянка /n10.p2
зірний /adj
зірно adv:&predic
змирятися /vr2.cf.advp :imperf
з-позаду з-позаду adv
зрабований /adj :&adjp:pasv:perf
зрадувати /v1 :perf
зрадуватися /vr1 :perf
зумисно adv
йменований /adj :&adjp:pasv:imperf
калабалик /n20
кально adv:&predic
катмає noninfl:&predic
ке intj:&predic
кете intj:&predic
кип'ячка /n10
кілько numr:gop:v_naz/v_zna
кількоро adv
коби conj:subord
когут /n20.a.p.<>
кождий /adj :&pron:gen
колгоспівський /adj
комбід /n20.p
комбідівець /n22.a.p.<
коц /n20.a.p
леда-який /adj :&pron:ind
любля noninfl:&predic
любовник /n20.a.p.<
любовниця /n10.p1.<
люде людина noun:anim:gfp:v_naz
людовий /adj
мабіть adv:&insert
магайбі intj
майбуть adv:&insert
масакра /n10.p1
метанина /n10
мізок /n22.p
мість prep        # rv_rod
мо adv:&insert
можний /adj
морехід /n21.a.p.<
моторити /v1 :imperf
моцний /adj \
 +cs=моцніший
навперед prep        # rv_rod
навручки навручки adv
нагородженість /n30
надійсь adv:&insert
надісь adv:&insert
надцять /numr
наклонити /v1 :perf
намість намість adv
намість намість prep        # rv_rod
напружливий /adj
нарід /n21
невміч adv:&predic
невпотріб noninfl:&predic
невправка /n10
незабутний /adj
неке part
немать noninfl:&predic
неможний /adj
немощний /adj
необавки adv
неоглядки adv
неоглядком adv
неохая /n10.< :+m
нестямливий /adj
неякась неякийсь adj:gfs:v_naz:&pron:neg
неякесь неякийсь adj:gns:v_naz/v_zna:&pron:neg
неякийсь неякийсь adj:gms:v_naz/v_zn2:&pron:neg
неякимись неякийсь adj:gop:v_oru:&pron:neg
неякимось неякийсь adj:gms:v_oru//gns:v_oru//gop:v_dav:&pron:neg
неякимсь неякийсь adj:gms:v_oru:&pron:neg
неякихось неякийсь adj:gop:v_rod/v_zn1/v_mis:&pron:neg
неякійсь неякийсь adj:gfs:v_dav/v_mis:&pron:neg
неякісь неякийсь adj:gop:v_naz/v_zn2:&pron:neg
неякогось неякийсь adj:gms:v_rod/v_zn1//gns:v_rod:&pron:neg
неякоїсь неякийсь adj:gfs:v_rod:&pron:neg
неякомусь неякийсь adj:gms:v_dav/v_mis//gns:v_dav/v_mis:&pron:neg
неякоюсь неякийсь adj:gfs:v_oru:&pron:neg
неякусь неякийсь adj:gfs:v_zna:&pron:neg
нігде adv:&pron:emph
нігде adv:&pron:neg
ніже conj:coord
ніже part
ніже-ні part
нікоторий /adj :&pron:neg
ніт noninfl:&predic
ніц noun:inanim:v_rod:&pron:neg
ніц noun:inanim:v_zna:&pron:neg
оба numr:gmp:v_naz/v_zna
обі numr:gfp:v_naz/v_zna
обруч adv
обсіч adv
обутритися /vr1 :perf p=3
оглав /n20.p
одвір adv
одзивний /adj
одзняти /v1.isTo :perf
одзнятий /adj :&adjp:pasv:perf
одіж /n32
одітий /adj :&adjp:pasv:perf    # past
одкрити /v2.isTo :perf
одкритися /vr2 :perf
одміна /n10
однакий /adj
однако adv:&predic
озутий /adj :&adjp:pasv:perf    # past
окроме prep        # rv_rod
омочений /adj :&adjp:pasv:perf              #> обмочений
онакий /adj :&pron:def
опірений /adj :&adjp:pasv:perf    # past
опостін adv|prep        # rv_rod
опріче adv|prep        # rv_rod
опроче adv|prep        # rv_rod
орегано noun:n:nv
оселець /n22.a.p.<
осьмий /adj
отсе отсей adj:gns:v_naz/v_zna:&pron:dem
отсей отсей adj:gms:v_naz/v_zn2:&pron:dem
отсим отсей adj:gms:v_oru//gns:v_oru//gop:v_dav:&pron:dem
отсими отсей adj:gop:v_oru:&pron:dem
отсих отсей adj:gop:v_rod/v_zn1/v_mis:&pron:dem
отсі отсей adj:gop:v_naz/v_zn2/v_mis:&pron:dem
отсієї отсей adj:gfs:v_rod:&pron:dem
отсією отсей adj:gfs:v_oru:&pron:dem
отсій отсей adj:gfs:v_dav/v_mis:&pron:dem
отсім отсей adj:gms:v_mis//gns:v_mis:&pron:dem
отсього отсей adj:gms:v_rod/v_zn1//gns:v_rod:&pron:dem
отсьому отсей adj:gms:v_dav/v_mis//gns:v_dav/v_mis:&pron:dem
отсю отсей adj:gfs:v_zna:&pron:dem
отся отсей adj:gfs:v_naz:&pron:dem
отта оттой adj:gfs:v_naz:&pron:dem
оттакий /adj :&pron:dem
оттим conj:subord
оттой /adj_pron &pron:dem
отце part
отцей /adj_pron :&pron:dem
памка /n10
пеняти /v2.cf.advp :imperf
перстінь /n23.p
пестієчка /n10.<
печально adv
писачок /n22.a.p
питайко /n20.<
півперек prep        # rv_rod
півтретя /n2adj1
підогрів /n20
підогрівальний /adj
підогрівний /adj
підогрітий /adj :&adjp:pasv:perf    # past
підсичувати /v1.cf.advp :imperf
подовш adv|prep        # rv_rod
покійно adv
полегша /n10.p1
помісь conj:subord
помісь part
помісь /n32.p
попроз попроз prep        # rv_zna
посереду prep        # rv_rod
посланіє /n2n.p1
поставець /n22.a.p
постанець /n22.a.p.<>
постілець /n22.a.p
постоянець /n22.a.p.<
постоянка /n10.p2
постпродакшн /n20
постріш /n32.p
постсовєтський /adj :coll
поступцем adv
потверджувальний /adj
поуз поуз prep        # rv_rod:rv_zna
почерез prep        # rv_zna
пощо adv:&pron:int:rel
празничанин /n20.a.p.<
приводець /n22.a.p.<
придверний /adj
притім conj:subord:bad
прищіпляти /v2.cf.advp :imperf
пріч prep|adv:&predic        # rv_rod
простибі adv:&insert
простибіг adv:&insert
против prep        # rv_rod
прочитний /adj
райця /n10.piv.<m
реферантеса /n10.p1.<
рік-річно рік-річно adv
розгрішення /n2n
розділка /n10.p2                            #> риска
салган /n20.p
самовродок /n22.a.p
самокидка /n10.p2
саф'янець /n22.a.p
свіжистий /adj
світач /n20.a.p
святешний /adj
се сей adj:gns:v_naz/v_zna:&pron:dem
сей сей adj:gms:v_naz/v_zn2:&pron:dem
силяти /v2.cf.advp :imperf
сим сей adj:gms:v_oru//gns:v_oru//gop:v_dav:&pron:dem
сими сей adj:gop:v_oru:&pron:dem
сих сей adj:gop:v_rod/v_zn1/v_mis:&pron:dem
сі сей adj:gop:v_naz/v_zn2/v_mis:&pron:dem
сієї сей adj:gfs:v_rod:&pron:dem
сією сей adj:gfs:v_oru:&pron:dem
сій сей adj:gfs:v_dav/v_mis:&pron:dem
сількось adv:&insert
сім сей adj:gms:v_mis//gns:v_mis:&pron:dem
скілька numr:nv
скілько numr:gop:v_naz/v_zna
сопух /n20.a
спечно спечно adv
споміж prep        # rv_rod
спосеред prep        # rv_rod
стосувати /v1.cf.advp :imperf
суперека /n10.p1
сутяжно adv
сього сей adj:gms:v_rod/v_zn1//gns:v_rod:&pron:dem
сьому сей adj:gms:v_dav/v_mis//gns:v_dav/v_mis:&pron:dem
сю сей adj:gfs:v_zna:&pron:dem
ся сей adj:gfs:v_naz:&pron:dem
ся part
таж conj:subord|part
таже conj:subord|part
тра noninfl:&predic
травознай /n20.a.p.<
трансфлюксор /n20.a.p.ke
трафунок /n22
тридесять numr:gop:v_naz/v_zna
трясцяма noninfl:&predic
угощати /v2.cf.advp :imperf
удвійці adv:v-u
удвурядь adv
узгіднювати /v1.cf.advp :imperf
уздогін adv
уїжно adv:&predic
уїхати /v4 :perf
уйматися /vr2 :imperf
уконтентований /adj :&adjp:pasv:perf:v-u    # past
уконтентовувати /v1 :imperf
уконтентовуватися /vr1 :imperf
уконтентувати /v1 :perf
уконтентуватися /vr1 :perf
укруть adv
уліжно adv:&predic
упоминати /v2.cf.advp :imperf
упоминатися /vr2.cf.advp :imperf
упомки noninfl:&predic
упомку noninfl:&predic
упруг /n20.a.p
урадуваний /adj :&adjp:pasv:perf    # past
уряджений /adj :&adjp:pasv:perf    # past
успокоєний /adj :&adjp:pasv:perf    # past
устид adv:&predic
устидно adv:&predic
ухорканий /adj :&adjp:pasv:perf:v-u    # past
учительний /adj
фашистівський /adj
фершалка /n10.p2.ko.<
фестини /np1
фіра /n10.p1
хватаний /adj
хибань part
хляпавка /n10
холоднаво adv:&predic
хоть conj:subord
хоть part
хотя part
хресійбо intj
циганів циган noun:anim:gmp:v_rod/v_zna
цукриця /n10
цьоця /n10.ku.<
чортма noninfl:&predic
чорт-ма noninfl:&predic
чортмає noninfl:&predic
чорт-мало noninfl:&predic
чорт-матиме noninfl:&predic
чуткість /n30
шияка /n10
шкварко adv:&predic
шкло /n2n :np               #> скло
шкульно adv:&predic
штири numr:gop:v_naz/v_zna
штирнадцять numr:nv
шушон /n20.a.p
щіль /n32.p
